
> mmstudy@0.1.0 start /root/project/mmstudy
> react-scripts start

[34mâ„¹[39m [90mï½¢wdsï½£[39m: Project is running at http://172.17.0.16/
[34mâ„¹[39m [90mï½¢wdsï½£[39m: webpack output is served from /
[34mâ„¹[39m [90mï½¢wdsï½£[39m: Content not from webpack is served from /root/project/mmstudy/public
[34mâ„¹[39m [90mï½¢wdsï½£[39m: 404s will fallback to /index.html
Starting the development server...

Compiled successfully!

You can now view mmstudy in the browser.

  Local:            http://localhost:3000/
  On Your Network:  http://172.17.0.16:3000/

Note that the development build is not optimized.
To create a production build, use npm run build.


> mmstudy@0.1.0 start /root/project/mmstudy
> react-scripts start

[34mâ„¹[39m [90mï½¢wdsï½£[39m: Project is running at http://172.17.0.16/
[34mâ„¹[39m [90mï½¢wdsï½£[39m: webpack output is served from /
[34mâ„¹[39m [90mï½¢wdsï½£[39m: Content not from webpack is served from /root/project/mmstudy/public
[34mâ„¹[39m [90mï½¢wdsï½£[39m: 404s will fallback to /index.html
Starting the development server...

Compiled successfully!

You can now view mmstudy in the browser.

  Local:            http://localhost:3000/
  On Your Network:  http://172.17.0.16:3000/

Note that the development build is not optimized.
To create a production build, use npm run build.

Compiling...
Compiled successfully!
Compiling...
Compiled successfully!
Compiling...
Compiled successfully!
Compiling...
Compiled successfully!
Compiling...
Compiled successfully!
Compiling...
Compiled successfully!
Compiling...
Compiled successfully!
Compiling...
Failed to compile.

./src/App.js
  Line 12:5:  'Workspace' is not defined  react/jsx-no-undef

Search for the keywords to learn more about each error.
Compiling...
Failed to compile.

./src/App.js
Module not found: Can't resolve './Workspace' in '/root/project/mmstudy/src'
Compiling...
Failed to compile.

./src/App.js
Module not found: Can't resolve './Workspace' in '/root/project/mmstudy/src'
Compiling...
Failed to compile.

./src/workspace.js
Syntax error: Unexpected token, expected "{" (1:15)

> 1 | import React, from 'react';
    |               ^
  2 | 
  3 | export default function Workspace(props){
  4 | 	return (
Compiling...
Compiled successfully!
Compiling...
Compiled with warnings.

./src/workspace.js
  Line 5:21:  Style prop value must be an object  react/style-prop-object

Search for the keywords to learn more about each warning.
To ignore, add // eslint-disable-next-line to the line before.

Compiling...
Compiled successfully!
Compiling...
Compiled successfully!
Compiling...
Compiled successfully!
Compiling...
Compiled successfully!
Compiling...
Compiled successfully!
Compiling...
Compiled successfully!
Compiling...
Compiled successfully!
Compiling...
Compiled successfully!
Compiling...
Compiled successfully!
Compiling...
Compiled successfully!
Compiling...
Compiled successfully!
Compiling...
Failed to compile.

./src/control.js
Syntax error: Expected corresponding JSX closing tag for <input> (16:8)

  14 | 				    <input type="email" class="form-control" id="exampleInputEmail2" placeholder="è¯·è¾“å…¥ä½ çš„é‚®ç®±åœ°å€">
  15 | 					<span>mÂ³</span>
> 16 | 			    </div>
     | 			    ^
  17 | 		  </div>
  18 | 		</div>
  19 | 	)
Compiling...
Compiled successfully!
Compiling...
Compiled successfully!
Compiling...
Compiled successfully!
Compiling...
Compiled successfully!
Compiling...
Compiled successfully!
Compiling...
Failed to compile.

./src/control.js
Syntax error: Expected corresponding JSX closing tag for <input> (20:11)

  18 |         			</div>
  19 |         			<input type="text" class="form-control" id="inlineFormInputGroup" placeholder="Username">
> 20 |       				</div>
     |       				^
  21 |     			</div>
  22 | 				<div class="form-group">
  23 |     				<label class="" for="exampleInputEmail2">Alarm: </label>
Compiling...
Failed to compile.

./src/control.js
Syntax error: Expected corresponding JSX closing tag for <input> (19:10)

  17 |         			</div>
  18 |         			<input type="text" class="form-control" id="inlineFormInputGroup" placeholder="Username">
> 19 |       			</div>
     |       			^
  20 | 				<div class="form-group">
  21 |     				<label class="" for="exampleInputEmail2">Alarm: </label>
  22 | 				    <input type="text" class="form-control" placeholder="100~200" />
Compiling...
Compiled successfully!
Compiling...
Compiled successfully!
Compiling...
Compiled successfully!
Compiling...
Failed to compile.

./src/control.js
Syntax error: Unterminated JSX contents (28:9)

  26 | 				</div>
  27 | 		  </div>
> 28 | 		</div>
     | 		      ^
  29 | 	)
  30 | }
  31 |
Compiling...
Compiled successfully!
Compiling...
Failed to compile.

./src/control.js
Syntax error: Unterminated JSX contents (28:9)

  26 | 				</div>
  27 | 		  </div>
> 28 | 		</div>
     | 		      ^
  29 | 	)
  30 | }
  31 |
Compiling...
Compiled successfully!

> mmstudy@0.1.0 start /root/project/alarmcourier
> react-scripts start

[34mâ„¹[39m [90mï½¢wdsï½£[39m: Project is running at http://172.17.0.16/
[34mâ„¹[39m [90mï½¢wdsï½£[39m: webpack output is served from /
[34mâ„¹[39m [90mï½¢wdsï½£[39m: Content not from webpack is served from /root/project/alarmcourier/public
[34mâ„¹[39m [90mï½¢wdsï½£[39m: 404s will fallback to /index.html
Starting the development server...

Compiled successfully!

You can now view mmstudy in the browser.

  Local:            http://localhost:3000/
  On Your Network:  http://172.17.0.16:3000/

Note that the development build is not optimized.
To create a production build, use npm run build.

Compiling...
Compiled with warnings.

./src/App.js
  Line 18:15:  Assignments to the 'timestamp' variable from inside React Hook useEffect will be lost after each render. To preserve the value over time, store it in a useRef Hook and keep the mutable value in the '.current' property. Otherwise, you can move this variable directly inside useEffect  react-hooks/exhaustive-deps
  Line 62:11:  'startLoggerInterval' is defined but never used                                                                                                                                                                                                                                             no-unused-vars

./src/workspace.js
  Line 77:12:  'stroke' is assigned a value but never used   no-unused-vars
  Line 77:20:  'payload' is assigned a value but never used  no-unused-vars

Search for the keywords to learn more about each warning.
To ignore, add // eslint-disable-next-line to the line before.

Compiling...
Compiled with warnings.

./src/App.js
  Line 18:15:  Assignments to the 'timestamp' variable from inside React Hook useEffect will be lost after each render. To preserve the value over time, store it in a useRef Hook and keep the mutable value in the '.current' property. Otherwise, you can move this variable directly inside useEffect  react-hooks/exhaustive-deps
  Line 62:11:  'startLoggerInterval' is defined but never used                                                                                                                                                                                                                                             no-unused-vars

./src/workspace.js
  Line 77:12:  'stroke' is assigned a value but never used   no-unused-vars
  Line 77:20:  'payload' is assigned a value but never used  no-unused-vars

Search for the keywords to learn more about each warning.
To ignore, add // eslint-disable-next-line to the line before.

Compiling...
Compiled with warnings.

./src/App.js
  Line 18:15:  Assignments to the 'timestamp' variable from inside React Hook useEffect will be lost after each render. To preserve the value over time, store it in a useRef Hook and keep the mutable value in the '.current' property. Otherwise, you can move this variable directly inside useEffect  react-hooks/exhaustive-deps
  Line 62:11:  'startLoggerInterval' is defined but never used                                                                                                                                                                                                                                             no-unused-vars

./src/workspace.js
  Line 74:12:  'stroke' is assigned a value but never used   no-unused-vars
  Line 74:20:  'payload' is assigned a value but never used  no-unused-vars

Search for the keywords to learn more about each warning.
To ignore, add // eslint-disable-next-line to the line before.

Compiling...
Compiled with warnings.

./src/App.js
  Line 36:15:  Assignments to the 'timestamp' variable from inside React Hook useEffect will be lost after each render. To preserve the value over time, store it in a useRef Hook and keep the mutable value in the '.current' property. Otherwise, you can move this variable directly inside useEffect  react-hooks/exhaustive-deps
  Line 80:11:  'startLoggerInterval' is defined but never used                                                                                                                                                                                                                                             no-unused-vars

./src/workspace.js
  Line 74:12:  'stroke' is assigned a value but never used   no-unused-vars
  Line 74:20:  'payload' is assigned a value but never used  no-unused-vars

Search for the keywords to learn more about each warning.
To ignore, add // eslint-disable-next-line to the line before.

Compiling...
Compiled with warnings.

./src/App.js
  Line 36:15:  Assignments to the 'timestamp' variable from inside React Hook useEffect will be lost after each render. To preserve the value over time, store it in a useRef Hook and keep the mutable value in the '.current' property. Otherwise, you can move this variable directly inside useEffect  react-hooks/exhaustive-deps
  Line 80:11:  'startLoggerInterval' is defined but never used                                                                                                                                                                                                                                             no-unused-vars

./src/workspace.js
  Line 74:12:  'stroke' is assigned a value but never used   no-unused-vars
  Line 74:20:  'payload' is assigned a value but never used  no-unused-vars

Search for the keywords to learn more about each warning.
To ignore, add // eslint-disable-next-line to the line before.

Compiling...
Compiled with warnings.

./src/App.js
  Line 36:15:  Assignments to the 'timestamp' variable from inside React Hook useEffect will be lost after each render. To preserve the value over time, store it in a useRef Hook and keep the mutable value in the '.current' property. Otherwise, you can move this variable directly inside useEffect  react-hooks/exhaustive-deps
  Line 81:11:  'startLoggerInterval' is defined but never used                                                                                                                                                                                                                                             no-unused-vars

./src/workspace.js
  Line 74:12:  'stroke' is assigned a value but never used   no-unused-vars
  Line 74:20:  'payload' is assigned a value but never used  no-unused-vars

Search for the keywords to learn more about each warning.
To ignore, add // eslint-disable-next-line to the line before.

Compiling...
Compiled with warnings.

./src/App.js
  Line 36:15:  Assignments to the 'timestamp' variable from inside React Hook useEffect will be lost after each render. To preserve the value over time, store it in a useRef Hook and keep the mutable value in the '.current' property. Otherwise, you can move this variable directly inside useEffect  react-hooks/exhaustive-deps
  Line 81:11:  'startLoggerInterval' is defined but never used                                                                                                                                                                                                                                             no-unused-vars

./src/workspace.js
  Line 74:12:  'stroke' is assigned a value but never used   no-unused-vars
  Line 74:20:  'payload' is assigned a value but never used  no-unused-vars

Search for the keywords to learn more about each warning.
To ignore, add // eslint-disable-next-line to the line before.

Compiling...
Compiled with warnings.

./src/App.js
  Line 36:15:  Assignments to the 'timestamp' variable from inside React Hook useEffect will be lost after each render. To preserve the value over time, store it in a useRef Hook and keep the mutable value in the '.current' property. Otherwise, you can move this variable directly inside useEffect  react-hooks/exhaustive-deps
  Line 81:11:  'startLoggerInterval' is defined but never used                                                                                                                                                                                                                                             no-unused-vars

./src/workspace.js
  Line 74:12:  'stroke' is assigned a value but never used   no-unused-vars
  Line 74:20:  'payload' is assigned a value but never used  no-unused-vars

Search for the keywords to learn more about each warning.
To ignore, add // eslint-disable-next-line to the line before.

Compiling...
Compiled with warnings.

./src/App.js
  Line 36:15:  Assignments to the 'timestamp' variable from inside React Hook useEffect will be lost after each render. To preserve the value over time, store it in a useRef Hook and keep the mutable value in the '.current' property. Otherwise, you can move this variable directly inside useEffect  react-hooks/exhaustive-deps
  Line 81:11:  'startLoggerInterval' is defined but never used                                                                                                                                                                                                                                             no-unused-vars

./src/workspace.js
  Line 74:12:  'stroke' is assigned a value but never used   no-unused-vars
  Line 74:20:  'payload' is assigned a value but never used  no-unused-vars

Search for the keywords to learn more about each warning.
To ignore, add // eslint-disable-next-line to the line before.

Compiling...
Compiled with warnings.

./src/App.js
  Line 15:8:   'data' is assigned a value but never used                                                                                                                                                                                                                                                   no-unused-vars
  Line 36:15:  Assignments to the 'timestamp' variable from inside React Hook useEffect will be lost after each render. To preserve the value over time, store it in a useRef Hook and keep the mutable value in the '.current' property. Otherwise, you can move this variable directly inside useEffect  react-hooks/exhaustive-deps
  Line 81:11:  'startLoggerInterval' is defined but never used                                                                                                                                                                                                                                             no-unused-vars

./src/workspace.js
  Line 74:12:  'stroke' is assigned a value but never used   no-unused-vars
  Line 74:20:  'payload' is assigned a value but never used  no-unused-vars

Search for the keywords to learn more about each warning.
To ignore, add // eslint-disable-next-line to the line before.

Compiling...
Compiled with warnings.

./src/App.js
  Line 15:8:   'data' is assigned a value but never used                                                                                                                                                                                                                                                   no-unused-vars
  Line 36:15:  Assignments to the 'timestamp' variable from inside React Hook useEffect will be lost after each render. To preserve the value over time, store it in a useRef Hook and keep the mutable value in the '.current' property. Otherwise, you can move this variable directly inside useEffect  react-hooks/exhaustive-deps

./src/workspace.js
  Line 74:12:  'stroke' is assigned a value but never used   no-unused-vars
  Line 74:20:  'payload' is assigned a value but never used  no-unused-vars

Search for the keywords to learn more about each warning.
To ignore, add // eslint-disable-next-line to the line before.

Compiling...
Compiled with warnings.

./src/App.js
  Line 15:8:   'data' is assigned a value but never used                                                                                                                                                                                                                                                   no-unused-vars
  Line 36:15:  Assignments to the 'timestamp' variable from inside React Hook useEffect will be lost after each render. To preserve the value over time, store it in a useRef Hook and keep the mutable value in the '.current' property. Otherwise, you can move this variable directly inside useEffect  react-hooks/exhaustive-deps

./src/workspace.js
  Line 74:12:  'stroke' is assigned a value but never used   no-unused-vars
  Line 74:20:  'payload' is assigned a value but never used  no-unused-vars

Search for the keywords to learn more about each warning.
To ignore, add // eslint-disable-next-line to the line before.

Compiling...
Compiled with warnings.

./src/App.js
  Line 15:8:   'data' is assigned a value but never used                                                                                                                                                                                                                                                   no-unused-vars
  Line 36:15:  Assignments to the 'timestamp' variable from inside React Hook useEffect will be lost after each render. To preserve the value over time, store it in a useRef Hook and keep the mutable value in the '.current' property. Otherwise, you can move this variable directly inside useEffect  react-hooks/exhaustive-deps

./src/workspace.js
  Line 77:12:  'stroke' is assigned a value but never used   no-unused-vars
  Line 77:20:  'payload' is assigned a value but never used  no-unused-vars

Search for the keywords to learn more about each warning.
To ignore, add // eslint-disable-next-line to the line before.

Compiling...
Compiled with warnings.

./src/App.js
  Line 15:8:   'data' is assigned a value but never used                                                                                                                                                                                                                                                   no-unused-vars
  Line 36:15:  Assignments to the 'timestamp' variable from inside React Hook useEffect will be lost after each render. To preserve the value over time, store it in a useRef Hook and keep the mutable value in the '.current' property. Otherwise, you can move this variable directly inside useEffect  react-hooks/exhaustive-deps

./src/workspace.js
  Line 77:12:  'stroke' is assigned a value but never used   no-unused-vars
  Line 77:20:  'payload' is assigned a value but never used  no-unused-vars

Search for the keywords to learn more about each warning.
To ignore, add // eslint-disable-next-line to the line before.

Compiling...
Compiled with warnings.

./src/App.js
  Line 15:8:   'data' is assigned a value but never used                                                                                                                                                                                                                                                   no-unused-vars
  Line 36:15:  Assignments to the 'timestamp' variable from inside React Hook useEffect will be lost after each render. To preserve the value over time, store it in a useRef Hook and keep the mutable value in the '.current' property. Otherwise, you can move this variable directly inside useEffect  react-hooks/exhaustive-deps

./src/workspace.js
  Line 78:12:  'stroke' is assigned a value but never used   no-unused-vars
  Line 78:20:  'payload' is assigned a value but never used  no-unused-vars

Search for the keywords to learn more about each warning.
To ignore, add // eslint-disable-next-line to the line before.

Compiling...
Compiled with warnings.

./src/App.js
  Line 15:8:   'data' is assigned a value but never used                                                                                                                                                                                                                                                   no-unused-vars
  Line 36:15:  Assignments to the 'timestamp' variable from inside React Hook useEffect will be lost after each render. To preserve the value over time, store it in a useRef Hook and keep the mutable value in the '.current' property. Otherwise, you can move this variable directly inside useEffect  react-hooks/exhaustive-deps

./src/workspace.js
  Line 80:12:  'stroke' is assigned a value but never used   no-unused-vars
  Line 80:20:  'payload' is assigned a value but never used  no-unused-vars

Search for the keywords to learn more about each warning.
To ignore, add // eslint-disable-next-line to the line before.

Compiling...
Compiled with warnings.

./src/workspace.js
  Line 12:3:   'data' is constant                                                                                                                                                                                                                                                                     no-const-assign
  Line 12:10:  Assignments to the 'data' variable from inside React Hook useEffect will be lost after each render. To preserve the value over time, store it in a useRef Hook and keep the mutable value in the '.current' property. Otherwise, you can move this variable directly inside useEffect  react-hooks/exhaustive-deps
  Line 79:12:  'stroke' is assigned a value but never used                                                                                                                                                                                                                                            no-unused-vars
  Line 79:20:  'payload' is assigned a value but never used                                                                                                                                                                                                                                           no-unused-vars

./src/App.js
  Line 15:8:   'data' is assigned a value but never used                                                                                                                                                                                                                                                   no-unused-vars
  Line 36:15:  Assignments to the 'timestamp' variable from inside React Hook useEffect will be lost after each render. To preserve the value over time, store it in a useRef Hook and keep the mutable value in the '.current' property. Otherwise, you can move this variable directly inside useEffect  react-hooks/exhaustive-deps

Search for the keywords to learn more about each warning.
To ignore, add // eslint-disable-next-line to the line before.

Compiling...
Compiled with warnings.

./src/workspace.js
  Line 12:10:  Assignments to the 'data' variable from inside React Hook useEffect will be lost after each render. To preserve the value over time, store it in a useRef Hook and keep the mutable value in the '.current' property. Otherwise, you can move this variable directly inside useEffect  react-hooks/exhaustive-deps
  Line 79:12:  'stroke' is assigned a value but never used                                                                                                                                                                                                                                            no-unused-vars
  Line 79:20:  'payload' is assigned a value but never used                                                                                                                                                                                                                                           no-unused-vars

./src/App.js
  Line 15:8:   'data' is assigned a value but never used                                                                                                                                                                                                                                                   no-unused-vars
  Line 36:15:  Assignments to the 'timestamp' variable from inside React Hook useEffect will be lost after each render. To preserve the value over time, store it in a useRef Hook and keep the mutable value in the '.current' property. Otherwise, you can move this variable directly inside useEffect  react-hooks/exhaustive-deps

Search for the keywords to learn more about each warning.
To ignore, add // eslint-disable-next-line to the line before.

Compiling...
Compiled with warnings.

./src/workspace.js
  Line 12:10:  Assignments to the 'data' variable from inside React Hook useEffect will be lost after each render. To preserve the value over time, store it in a useRef Hook and keep the mutable value in the '.current' property. Otherwise, you can move this variable directly inside useEffect  react-hooks/exhaustive-deps
  Line 79:12:  'stroke' is assigned a value but never used                                                                                                                                                                                                                                            no-unused-vars
  Line 79:20:  'payload' is assigned a value but never used                                                                                                                                                                                                                                           no-unused-vars

./src/App.js
  Line 15:8:   'data' is assigned a value but never used                                                                                                                                                                                                                                                   no-unused-vars
  Line 36:15:  Assignments to the 'timestamp' variable from inside React Hook useEffect will be lost after each render. To preserve the value over time, store it in a useRef Hook and keep the mutable value in the '.current' property. Otherwise, you can move this variable directly inside useEffect  react-hooks/exhaustive-deps

Search for the keywords to learn more about each warning.
To ignore, add // eslint-disable-next-line to the line before.

Compiling...
Compiled with warnings.

./src/workspace.js
  Line 12:10:  Assignments to the 'data' variable from inside React Hook useEffect will be lost after each render. To preserve the value over time, store it in a useRef Hook and keep the mutable value in the '.current' property. Otherwise, you can move this variable directly inside useEffect  react-hooks/exhaustive-deps
  Line 80:12:  'stroke' is assigned a value but never used                                                                                                                                                                                                                                            no-unused-vars
  Line 80:20:  'payload' is assigned a value but never used                                                                                                                                                                                                                                           no-unused-vars

./src/App.js
  Line 15:8:   'data' is assigned a value but never used                                                                                                                                                                                                                                                   no-unused-vars
  Line 36:15:  Assignments to the 'timestamp' variable from inside React Hook useEffect will be lost after each render. To preserve the value over time, store it in a useRef Hook and keep the mutable value in the '.current' property. Otherwise, you can move this variable directly inside useEffect  react-hooks/exhaustive-deps

Search for the keywords to learn more about each warning.
To ignore, add // eslint-disable-next-line to the line before.

Compiling...
Compiled with warnings.

./src/workspace.js
  Line 12:10:  Assignments to the 'data' variable from inside React Hook useEffect will be lost after each render. To preserve the value over time, store it in a useRef Hook and keep the mutable value in the '.current' property. Otherwise, you can move this variable directly inside useEffect  react-hooks/exhaustive-deps
  Line 80:12:  'stroke' is assigned a value but never used                                                                                                                                                                                                                                            no-unused-vars
  Line 80:20:  'payload' is assigned a value but never used                                                                                                                                                                                                                                           no-unused-vars

./src/App.js
  Line 15:8:   'data' is assigned a value but never used                                                                                                                                                                                                                                                   no-unused-vars
  Line 36:15:  Assignments to the 'timestamp' variable from inside React Hook useEffect will be lost after each render. To preserve the value over time, store it in a useRef Hook and keep the mutable value in the '.current' property. Otherwise, you can move this variable directly inside useEffect  react-hooks/exhaustive-deps

Search for the keywords to learn more about each warning.
To ignore, add // eslint-disable-next-line to the line before.

Compiling...
Compiled with warnings.

./src/workspace.js
  Line 12:10:  Assignments to the 'data' variable from inside React Hook useEffect will be lost after each render. To preserve the value over time, store it in a useRef Hook and keep the mutable value in the '.current' property. Otherwise, you can move this variable directly inside useEffect  react-hooks/exhaustive-deps
  Line 80:12:  'stroke' is assigned a value but never used                                                                                                                                                                                                                                            no-unused-vars
  Line 80:20:  'payload' is assigned a value but never used                                                                                                                                                                                                                                           no-unused-vars

./src/App.js
  Line 20:8:   'data' is assigned a value but never used                                                                                                                                                                                                                                                   no-unused-vars
  Line 41:15:  Assignments to the 'timestamp' variable from inside React Hook useEffect will be lost after each render. To preserve the value over time, store it in a useRef Hook and keep the mutable value in the '.current' property. Otherwise, you can move this variable directly inside useEffect  react-hooks/exhaustive-deps

Search for the keywords to learn more about each warning.
To ignore, add // eslint-disable-next-line to the line before.

Compiling...
Compiled with warnings.

./src/workspace.js
  Line 12:10:  Assignments to the 'data' variable from inside React Hook useEffect will be lost after each render. To preserve the value over time, store it in a useRef Hook and keep the mutable value in the '.current' property. Otherwise, you can move this variable directly inside useEffect  react-hooks/exhaustive-deps
  Line 80:12:  'stroke' is assigned a value but never used                                                                                                                                                                                                                                            no-unused-vars
  Line 80:20:  'payload' is assigned a value but never used                                                                                                                                                                                                                                           no-unused-vars

./src/App.js
  Line 20:8:   'data' is assigned a value but never used                                                                                                                                                                                                                                                   no-unused-vars
  Line 41:15:  Assignments to the 'timestamp' variable from inside React Hook useEffect will be lost after each render. To preserve the value over time, store it in a useRef Hook and keep the mutable value in the '.current' property. Otherwise, you can move this variable directly inside useEffect  react-hooks/exhaustive-deps

Search for the keywords to learn more about each warning.
To ignore, add // eslint-disable-next-line to the line before.

Compiling...
Compiled with warnings.

./src/workspace.js
  Line 12:10:  Assignments to the 'data' variable from inside React Hook useEffect will be lost after each render. To preserve the value over time, store it in a useRef Hook and keep the mutable value in the '.current' property. Otherwise, you can move this variable directly inside useEffect  react-hooks/exhaustive-deps
  Line 80:12:  'stroke' is assigned a value but never used                                                                                                                                                                                                                                            no-unused-vars
  Line 80:20:  'payload' is assigned a value but never used                                                                                                                                                                                                                                           no-unused-vars

./src/App.js
  Line 20:8:   'data' is assigned a value but never used                                                                                                                                                                                                                                                   no-unused-vars
  Line 40:15:  Assignments to the 'timestamp' variable from inside React Hook useEffect will be lost after each render. To preserve the value over time, store it in a useRef Hook and keep the mutable value in the '.current' property. Otherwise, you can move this variable directly inside useEffect  react-hooks/exhaustive-deps
  Line 50:7:   'timestr' is assigned a value but never used                                                                                                                                                                                                                                                no-unused-vars

Search for the keywords to learn more about each warning.
To ignore, add // eslint-disable-next-line to the line before.

Compiling...
Compiled with warnings.

./src/App.js
  Line 20:8:   'data' is assigned a value but never used                                                                                                                                                                                                                                                   no-unused-vars
  Line 40:15:  Assignments to the 'timestamp' variable from inside React Hook useEffect will be lost after each render. To preserve the value over time, store it in a useRef Hook and keep the mutable value in the '.current' property. Otherwise, you can move this variable directly inside useEffect  react-hooks/exhaustive-deps
  Line 50:7:   'timestr' is assigned a value but never used                                                                                                                                                                                                                                                no-unused-vars

./src/workspace.js
  Line 9:10:   Assignments to the 'data' variable from inside React Hook useEffect will be lost after each render. To preserve the value over time, store it in a useRef Hook and keep the mutable value in the '.current' property. Otherwise, you can move this variable directly inside useEffect  react-hooks/exhaustive-deps
  Line 11:6:   'data' is assigned a value but never used                                                                                                                                                                                                                                              no-unused-vars
  Line 77:12:  'stroke' is assigned a value but never used                                                                                                                                                                                                                                            no-unused-vars
  Line 77:20:  'payload' is assigned a value but never used                                                                                                                                                                                                                                           no-unused-vars

Search for the keywords to learn more about each warning.
To ignore, add // eslint-disable-next-line to the line before.

Compiling...
Compiled with warnings.

./src/App.js
  Line 15:8:   'data' is assigned a value but never used                                                                                                                                                                                                                                                   no-unused-vars
  Line 35:15:  Assignments to the 'timestamp' variable from inside React Hook useEffect will be lost after each render. To preserve the value over time, store it in a useRef Hook and keep the mutable value in the '.current' property. Otherwise, you can move this variable directly inside useEffect  react-hooks/exhaustive-deps
  Line 45:7:   'timestr' is assigned a value but never used                                                                                                                                                                                                                                                no-unused-vars

./src/workspace.js
  Line 9:10:   Assignments to the 'data' variable from inside React Hook useEffect will be lost after each render. To preserve the value over time, store it in a useRef Hook and keep the mutable value in the '.current' property. Otherwise, you can move this variable directly inside useEffect  react-hooks/exhaustive-deps
  Line 11:6:   'data' is assigned a value but never used                                                                                                                                                                                                                                              no-unused-vars
  Line 77:12:  'stroke' is assigned a value but never used                                                                                                                                                                                                                                            no-unused-vars
  Line 77:20:  'payload' is assigned a value but never used                                                                                                                                                                                                                                           no-unused-vars

Search for the keywords to learn more about each warning.
To ignore, add // eslint-disable-next-line to the line before.

Compiling...
Compiled with warnings.

./src/App.js
  Line 18:15:  Assignments to the 'timestamp' variable from inside React Hook useEffect will be lost after each render. To preserve the value over time, store it in a useRef Hook and keep the mutable value in the '.current' property. Otherwise, you can move this variable directly inside useEffect  react-hooks/exhaustive-deps
  Line 25:7:   'timestr' is assigned a value but never used                                                                                                                                                                                                                                                no-unused-vars

./src/workspace.js
  Line 9:10:   Assignments to the 'data' variable from inside React Hook useEffect will be lost after each render. To preserve the value over time, store it in a useRef Hook and keep the mutable value in the '.current' property. Otherwise, you can move this variable directly inside useEffect  react-hooks/exhaustive-deps
  Line 11:6:   'data' is assigned a value but never used                                                                                                                                                                                                                                              no-unused-vars
  Line 77:12:  'stroke' is assigned a value but never used                                                                                                                                                                                                                                            no-unused-vars
  Line 77:20:  'payload' is assigned a value but never used                                                                                                                                                                                                                                           no-unused-vars

Search for the keywords to learn more about each warning.
To ignore, add // eslint-disable-next-line to the line before.

Compiling...
Compiled with warnings.

./src/App.js
  Line 18:15:  Assignments to the 'timestamp' variable from inside React Hook useEffect will be lost after each render. To preserve the value over time, store it in a useRef Hook and keep the mutable value in the '.current' property. Otherwise, you can move this variable directly inside useEffect  react-hooks/exhaustive-deps
  Line 25:7:   'timestr' is assigned a value but never used                                                                                                                                                                                                                                                no-unused-vars

./src/workspace.js
  Line 9:10:   Assignments to the 'data' variable from inside React Hook useEffect will be lost after each render. To preserve the value over time, store it in a useRef Hook and keep the mutable value in the '.current' property. Otherwise, you can move this variable directly inside useEffect  react-hooks/exhaustive-deps
  Line 11:6:   'data' is assigned a value but never used                                                                                                                                                                                                                                              no-unused-vars
  Line 77:12:  'stroke' is assigned a value but never used                                                                                                                                                                                                                                            no-unused-vars
  Line 77:20:  'payload' is assigned a value but never used                                                                                                                                                                                                                                           no-unused-vars

Search for the keywords to learn more about each warning.
To ignore, add // eslint-disable-next-line to the line before.

Compiling...
Compiled with warnings.

./src/App.js
  Line 18:15:  Assignments to the 'timestamp' variable from inside React Hook useEffect will be lost after each render. To preserve the value over time, store it in a useRef Hook and keep the mutable value in the '.current' property. Otherwise, you can move this variable directly inside useEffect  react-hooks/exhaustive-deps
  Line 25:7:   'timestr' is assigned a value but never used                                                                                                                                                                                                                                                no-unused-vars

./src/workspace.js
  Line 9:10:   Assignments to the 'data' variable from inside React Hook useEffect will be lost after each render. To preserve the value over time, store it in a useRef Hook and keep the mutable value in the '.current' property. Otherwise, you can move this variable directly inside useEffect  react-hooks/exhaustive-deps
  Line 11:6:   'data' is assigned a value but never used                                                                                                                                                                                                                                              no-unused-vars
  Line 72:12:  'stroke' is assigned a value but never used                                                                                                                                                                                                                                            no-unused-vars
  Line 72:20:  'payload' is assigned a value but never used                                                                                                                                                                                                                                           no-unused-vars

Search for the keywords to learn more about each warning.
To ignore, add // eslint-disable-next-line to the line before.

Compiling...
Compiled with warnings.

./src/workspace.js
  Line 11:6:   'data' is assigned a value but never used     no-unused-vars
  Line 72:12:  'stroke' is assigned a value but never used   no-unused-vars
  Line 72:20:  'payload' is assigned a value but never used  no-unused-vars

./src/App.js
  Line 18:15:  Assignments to the 'timestamp' variable from inside React Hook useEffect will be lost after each render. To preserve the value over time, store it in a useRef Hook and keep the mutable value in the '.current' property. Otherwise, you can move this variable directly inside useEffect  react-hooks/exhaustive-deps
  Line 25:7:   'timestr' is assigned a value but never used                                                                                                                                                                                                                                                no-unused-vars

Search for the keywords to learn more about each warning.
To ignore, add // eslint-disable-next-line to the line before.

Compiling...
Compiled with warnings.

./src/workspace.js
  Line 11:6:   'data' is assigned a value but never used     no-unused-vars
  Line 71:12:  'stroke' is assigned a value but never used   no-unused-vars
  Line 71:20:  'payload' is assigned a value but never used  no-unused-vars

./src/App.js
  Line 18:15:  Assignments to the 'timestamp' variable from inside React Hook useEffect will be lost after each render. To preserve the value over time, store it in a useRef Hook and keep the mutable value in the '.current' property. Otherwise, you can move this variable directly inside useEffect  react-hooks/exhaustive-deps
  Line 25:7:   'timestr' is assigned a value but never used                                                                                                                                                                                                                                                no-unused-vars

Search for the keywords to learn more about each warning.
To ignore, add // eslint-disable-next-line to the line before.

Compiling...
Compiled with warnings.

./src/App.js
  Line 18:15:  Assignments to the 'timestamp' variable from inside React Hook useEffect will be lost after each render. To preserve the value over time, store it in a useRef Hook and keep the mutable value in the '.current' property. Otherwise, you can move this variable directly inside useEffect  react-hooks/exhaustive-deps
  Line 25:7:   'timestr' is assigned a value but never used                                                                                                                                                                                                                                                no-unused-vars

./src/workspace.js
  Line 53:12:  'stroke' is assigned a value but never used   no-unused-vars
  Line 53:20:  'payload' is assigned a value but never used  no-unused-vars

Search for the keywords to learn more about each warning.
To ignore, add // eslint-disable-next-line to the line before.

Compiling...
Compiled with warnings.

./src/App.js
  Line 18:15:  Assignments to the 'timestamp' variable from inside React Hook useEffect will be lost after each render. To preserve the value over time, store it in a useRef Hook and keep the mutable value in the '.current' property. Otherwise, you can move this variable directly inside useEffect  react-hooks/exhaustive-deps
  Line 25:7:   'timestr' is assigned a value but never used                                                                                                                                                                                                                                                no-unused-vars

./src/workspace.js
  Line 1:16:   'useEffect' is defined but never used         no-unused-vars
  Line 49:12:  'stroke' is assigned a value but never used   no-unused-vars
  Line 49:20:  'payload' is assigned a value but never used  no-unused-vars

Search for the keywords to learn more about each warning.
To ignore, add // eslint-disable-next-line to the line before.

Compiling...
Compiled with warnings.

./src/App.js
  Line 18:15:  Assignments to the 'timestamp' variable from inside React Hook useEffect will be lost after each render. To preserve the value over time, store it in a useRef Hook and keep the mutable value in the '.current' property. Otherwise, you can move this variable directly inside useEffect  react-hooks/exhaustive-deps
  Line 25:7:   'timestr' is assigned a value but never used                                                                                                                                                                                                                                                no-unused-vars

./src/workspace.js
  Line 1:16:   'useEffect' is defined but never used         no-unused-vars
  Line 49:12:  'stroke' is assigned a value but never used   no-unused-vars
  Line 49:20:  'payload' is assigned a value but never used  no-unused-vars

Search for the keywords to learn more about each warning.
To ignore, add // eslint-disable-next-line to the line before.

Compiling...
Compiled with warnings.

./src/App.js
  Line 11:16:  'setAlarm' is assigned a value but never used                                                                                                                                                                                                                                               no-unused-vars
  Line 19:15:  Assignments to the 'timestamp' variable from inside React Hook useEffect will be lost after each render. To preserve the value over time, store it in a useRef Hook and keep the mutable value in the '.current' property. Otherwise, you can move this variable directly inside useEffect  react-hooks/exhaustive-deps
  Line 26:7:   'timestr' is assigned a value but never used                                                                                                                                                                                                                                                no-unused-vars

./src/workspace.js
  Line 1:16:   'useEffect' is defined but never used         no-unused-vars
  Line 49:12:  'stroke' is assigned a value but never used   no-unused-vars
  Line 49:20:  'payload' is assigned a value but never used  no-unused-vars

Search for the keywords to learn more about each warning.
To ignore, add // eslint-disable-next-line to the line before.

Compiling...
Compiled with warnings.

./src/App.js
  Line 11:16:  'setAlarm' is assigned a value but never used                                                                                                                                                                                                                                               no-unused-vars
  Line 18:15:  Assignments to the 'timestamp' variable from inside React Hook useEffect will be lost after each render. To preserve the value over time, store it in a useRef Hook and keep the mutable value in the '.current' property. Otherwise, you can move this variable directly inside useEffect  react-hooks/exhaustive-deps
  Line 24:7:   'timestr' is assigned a value but never used                                                                                                                                                                                                                                                no-unused-vars

./src/workspace.js
  Line 1:16:   'useEffect' is defined but never used         no-unused-vars
  Line 49:12:  'stroke' is assigned a value but never used   no-unused-vars
  Line 49:20:  'payload' is assigned a value but never used  no-unused-vars

Search for the keywords to learn more about each warning.
To ignore, add // eslint-disable-next-line to the line before.

Compiling...
Failed to compile.

./src/workspace.js
Syntax error: Unexpected token, expected ";" (7:13)

   5 | 
   6 | export default function Workspace(props) {
>  7 | 	useEffect(){
     | 	           ^
   8 | 		console.log(props.logger)
   9 | 	}
  10 | 	function formatXAxis(tickItem) {
Compiling...
Compiled with warnings.

./src/App.js
  Line 11:16:  'setAlarm' is assigned a value but never used                                                                                                                                                                                                                                               no-unused-vars
  Line 18:15:  Assignments to the 'timestamp' variable from inside React Hook useEffect will be lost after each render. To preserve the value over time, store it in a useRef Hook and keep the mutable value in the '.current' property. Otherwise, you can move this variable directly inside useEffect  react-hooks/exhaustive-deps
  Line 24:7:   'timestr' is assigned a value but never used                                                                                                                                                                                                                                                no-unused-vars

./src/workspace.js
  Line 53:12:  'stroke' is assigned a value but never used   no-unused-vars
  Line 53:20:  'payload' is assigned a value but never used  no-unused-vars

Search for the keywords to learn more about each warning.
To ignore, add // eslint-disable-next-line to the line before.

Compiling...
Compiled with warnings.

./src/App.js
  Line 11:16:  'setAlarm' is assigned a value but never used                                                                                                                                                                                                                                               no-unused-vars
  Line 18:15:  Assignments to the 'timestamp' variable from inside React Hook useEffect will be lost after each render. To preserve the value over time, store it in a useRef Hook and keep the mutable value in the '.current' property. Otherwise, you can move this variable directly inside useEffect  react-hooks/exhaustive-deps
  Line 24:7:   'timestr' is assigned a value but never used                                                                                                                                                                                                                                                no-unused-vars

./src/workspace.js
  Line 56:12:  'stroke' is assigned a value but never used   no-unused-vars
  Line 56:20:  'payload' is assigned a value but never used  no-unused-vars

Search for the keywords to learn more about each warning.
To ignore, add // eslint-disable-next-line to the line before.

Compiling...
Compiled with warnings.

./src/App.js
  Line 18:15:  Assignments to the 'timestamp' variable from inside React Hook useEffect will be lost after each render. To preserve the value over time, store it in a useRef Hook and keep the mutable value in the '.current' property. Otherwise, you can move this variable directly inside useEffect  react-hooks/exhaustive-deps
  Line 24:7:   'timestr' is assigned a value but never used                                                                                                                                                                                                                                                no-unused-vars

./src/workspace.js
  Line 56:12:  'stroke' is assigned a value but never used   no-unused-vars
  Line 56:20:  'payload' is assigned a value but never used  no-unused-vars

Search for the keywords to learn more about each warning.
To ignore, add // eslint-disable-next-line to the line before.

Compiling...
Compiled with warnings.

./src/App.js
  Line 18:15:  Assignments to the 'timestamp' variable from inside React Hook useEffect will be lost after each render. To preserve the value over time, store it in a useRef Hook and keep the mutable value in the '.current' property. Otherwise, you can move this variable directly inside useEffect  react-hooks/exhaustive-deps
  Line 24:7:   'timestr' is assigned a value but never used                                                                                                                                                                                                                                                no-unused-vars

./src/workspace.js
  Line 56:12:  'stroke' is assigned a value but never used   no-unused-vars
  Line 56:20:  'payload' is assigned a value but never used  no-unused-vars

Search for the keywords to learn more about each warning.
To ignore, add // eslint-disable-next-line to the line before.

